[LOG] SystemI::init                            : FMOD Studio Version: 00010705 (71238)
[LOG] SystemI::init                            : maxchannels = 128, flags = 00030000, extradriverdata = 0000000000000000
[LOG] SystemI::close                           : 
[LOG] SystemI::close                           : Stop all sounds
[LOG] SystemI::close                           : Remove miscllaneous DSP stuff.
[LOG] SystemI::close                           : done.

[LOG] OutputWASAPI::init                       : Mix Format (WAVEFORMATEX): wFormatTag=0xFFFE, nChannels=2, nSamplesPerSec=48000, nAvgBytesPerSec=384000, nBlockAlign=8, wBitsPerSample=32, cbSize=22.
[LOG] OutputWASAPI::init                       : Mix Format (WAVEFORMATEXTENSIBLE): wValidBitsPerSample=32, dwChannelMask=0x00000003, SubFormat=00000003-0000-0010-8000-00AA00389B71.
[LOG] Thread::initThread                       : Initializing FMOD (WASAPI) feeder thread.  priority 0
[LOG] Thread::initThread                       : - Stacksize 0.  Stack pointer 0000000000000000 : usesemaphore = 0 : sleeptime = 0
[LOG] Thread::callback                         : * FMOD (WASAPI) feeder thread started
[LOG] Thread::initThread                       : Initializing FMOD mixer thread.  priority 2
[LOG] OutputWASAPI::feederUpdate               : WASAPI feeder thread set to 'Audio' characteristic
[LOG] Thread::initThread                       : - Stacksize 49152.  Stack pointer 0000000000000000 : usesemaphore = 1 : sleeptime = 0
[LOG] Thread::callback                         : * FMOD mixer thread started
[LOG] SystemI::init                            : Set up emulated output
[LOG] SystemI::init                            : create the channel pool
[LOG] SystemI::init                            : Set up streamer
[LOG] Thread::initThread                       : Initializing FMOD stream thread.  priority 2
[LOG] Thread::initThread                       : - Stacksize 65536.  Stack pointer 0000000000000000 : usesemaphore = 0 : sleeptime = 10
[LOG] Thread::callback                         : * FMOD stream thread started
[LOG] Thread::initThread                       : Initializing FMOD Studio update thread.  priority 0
[LOG] Thread::initThread                       : - Stacksize 65536.  Stack pointer 0000000000000000 : usesemaphore = 0 : sleeptime = 1
[LOG] Thread::callback                         : * FMOD Studio update thread started
[LOG] LiveUpdate::init                         : 
[LOG] Thread::initThread                       : Initializing FMOD Studio load thread.  priority 0
[LOG] Thread::initThread                       : - Stacksize 65536.  Stack pointer 0000000000000000 : usesemaphore = 0 : sleeptime = 1
[LOG] Thread::callback                         : * FMOD Studio load thread started
[LOG] Profile::init                            : Profiler listening on port: 9264
[LOG] Manager::readBank                        : fileversion = 68, compatVersion = 68 (oldest = 44, newest = 68)
[LOG] Manager::readBank                        : fileversion = 68, compatVersion = 68 (oldest = 44, newest = 68)
[LOG] SystemI::createSound                     : filename = 4thDim\Build\Desktop/Master Bank.bank : mode 0a010202
[LOG] SystemI::createSound                     : FMOD_NONBLOCKING specified.  Putting into queue to be opened asynchronously!
[LOG] OutputSoftware::createSample             : lengthpcm 0, lengthbytes 0, channels 0, format 0, freq 0, mode 00000000
[LOG] Thread::initThread                       : Initializing FMOD nonblocking thread (0).  priority 1
[LOG] Thread::initThread                       : - Stacksize 81920.  Stack pointer 0000000000000000 : usesemaphore = 1 : sleeptime = 0
[LOG] Thread::callback                         : * FMOD nonblocking thread (0) started
[LOG] SystemI::createSound                     : setdata soundi = 00000000324A5EA8 : node = 00000000324A6050
[LOG] SystemI::createSound                     : add node to async list : head = 00000000324A62F0.  list count = 0
[LOG] SystemI::createSound                     : filename = 4thDim\Build\Desktop/Master Bank.bank : mode 0a010202
[LOG] SystemI::createSound                     :     FMOD_NONBLOCKING specified.  Putting into queue to be opened asynchronously!
[LOG] SystemI::createSoundInternal             :     filename = 4thDim\Build\Desktop/Master Bank.bank : mode 0a010202
[LOG] OutputSoftware::createSample             :     lengthpcm 0, lengthbytes 0, channels 0, format 0, freq 0, mode 00000000
[LOG] SystemI::createSound                     :     setdata soundi = 00000000324A6348 : node = 00000000324A64F0
[LOG] SystemI::createSound                     :     add node to async list : head = 00000000324A62F0.  list count = 0
[LOG] SystemI::createSoundInternal             :     exinfo->numsubsounds       = 1
[LOG] SystemI::createSoundInternal             :     exinfo->inclusionlist      = 00000000324A6158
[LOG] SystemI::createSound                     :     filename = 4thDim\Build\Desktop/Master Bank.bank : mode 0a010202
[LOG] SystemI::createSoundInternal             :     exinfo->inclusionlistnum   = 1
[LOG] SystemI::createSoundInternal             :     exinfo->suggestedsoundtype = 5
ting into queue to be opened asynchronously!
[LOG] SystemI::createSoundInternal             :     exinfo->initialseekpostype = 1
nels 0, format 0, freq 0, mode 00000000
[LOG] SystemI::createSound                     :     setdata soundi = 00000000324D2FC8 : node = 00000000324D3170
[LOG] SystemI::createSound                     :     add node to async list : head = 00000000324A62F0.  list count = 1
[LOG] SystemI::createSound                     :     filename = 4thDim\Build\Desktop/Master Bank.bank : mode 0a010202
[LOG] SystemI::createSound                     :     FMOD_NONBLOCKING specified.  Putting into queue to be opened asynchronously!
[LOG] OutputSoftware::createSample             :     lengthpcm 0, lengthbytes 0, channels 0, format 0, freq 0, mode 00000000
[LOG] SystemI::createSound                     :     setdata soundi = 00000000324DD348 : node = 00000000324DD4F0
[LOG] SystemI::createSound                     :     add node to async list : head = 00000000324A62F0.  list count = 2
[LOG] SystemI::createSoundInternal             :     Multi-sample sound (1 subsounds), create a sample container.
[LOG] SystemI::createSound                     :     filename = 4thDim\Build\Desktop/Master Bank.bank : mode 0a010202
[LOG] SystemI::createSoundInternal             :     creating subsound 0/1
[LOG] SystemI::createSound                     :     FMOD_NONBLOCKING specified.  Putting into queue to be opened asynchronously!
[LOG] SystemI::createSample                    :     mode 0a010202 length 2808000 samples, lengthbytes 1417568
[LOG] OutputSoftware::createSample             :     lengthpcm 0, lengthbytes 0, channels 0, format 0, freq 0, mode 00000000
[LOG] SystemI::createSound                     :     setdata soundi = 00000000324DF628 : node = 00000000324DF7D0
[LOG] OutputSoftware::createSample             :     lengthpcm 2808000, lengthbytes 1417568, channels 2, format 2, freq 48000, mode 0a01020a
[LOG] SystemI::createSound                     :     add node to async list : head = 00000000324A62F0.  list count = 3
[LOG] SystemI::createSound                     :     filename = 4thDim\Build\Desktop/Master Bank.bank : mode 0a010202
[LOG] SystemI::createSoundInternal             :     done.  OpenState now = FMOD_OPENSTATE_READY.

to be opened asynchronously!
[LOG] OutputSoftware::createSample             :     lengthpcm 0, lengthbytes 0, channels 0, format 0, freq 0, mode 00000000
[LOG] AsyncThread::threadFunc                  : Starting Asynchronous operation on sound 00000000324A6348
[LOG] SystemI::createSound                     : setdata soundi = 00000000324D3298 : node = 00000000324D3440
[LOG] SystemI::createSoundInternal             :     filename = 4thDim\Build\Desktop/Master Bank.bank : mode 0a010202
[LOG] SystemI::createSound                     :     add node to async list : head = 00000000324A62F0.  list count = 3
[LOG] SystemI::createSoundInternal             :     exinfo->cbsize             = 216
[LOG] SystemI::createSoundInternal             :     exinfo->length             = 12646560
[LOG] SystemI::createSoundInternal             :     exinfo->fileoffset         = 20736
[LOG] SystemI::createSoundInternal             :     exinfo->numsubsounds       = 1
[LOG] SystemI::createSoundInternal             :     exinfo->inclusionlist      = 00000000324A65F8
[LOG] SystemI::createSoundInternal             :     exinfo->inclusionlistnum   = 1
[LOG] SystemI::createSoundInternal             :     exinfo->suggestedsoundtype = 5
[LOG] SystemI::createSoundInternal             :     exinfo->initialseekpostype = 1
[LOG] SystemI::createSoundInternal             :     Format has 1 subsounds.
[LOG] SystemI::createSoundInternal             :     Create as FMOD_CREATESAMPLE
[LOG] SystemI::createSoundInternal             :     Multi-sample sound (1 subsounds), create a sample container.
[LOG] SystemI::createSoundInternal             :     creating subsound 0/1
[LOG] SystemI::createSample                    :     mode 0a010202 length 2808000 samples, lengthbytes 1417568
[LOG] SystemI::createSample                    :     channels = 2
[LOG] SystemI::createSample                    :     output = 0000000031D7D5F8
[LOG] OutputSoftware::createSample             :     lengthpcm 2808000, lengthbytes 1417568, channels 2, format 2, freq 48000, mode 0a01020a
[LOG] SystemI::createSoundInternal             :     done.  OpenState now = FMOD_OPENSTATE_READY.

[LOG] AsyncThread::threadFunc                  : Finished Asynchronous operation on sound 00000000324A6348
[LOG] AsyncThread::threadFunc                  : Starting Asynchronous operation on sound 00000000324D2FC8
[LOG] SystemI::createSoundInternal             :     filename = 4thDim\Build\Desktop/Master Bank.bank : mode 0a010202
[LOG] SystemI::createSoundInternal             :     exinfo->cbsize             = 216
[LOG] SystemI::createSoundInternal             :     exinfo->length             = 12646560
[LOG] SystemI::createSoundInternal             :     exinfo->fileoffset         = 20736
[LOG] SystemI::createSoundInternal             :     exinfo->numsubsounds       = 1
[LOG] SystemI::createSoundInternal             :     exinfo->inclusionlist      = 00000000324D3278
[LOG] SystemI::createSoundInternal             :     exinfo->inclusionlistnum   = 1
[LOG] SystemI::createSoundInternal             :     exinfo->suggestedsoundtype = 5
[LOG] SystemI::createSoundInternal             :     exinfo->initialseekpostype = 1
[LOG] SystemI::createSoundInternal             :     Format has 1 subsounds.
[LOG] SystemI::createSoundInternal             :     Create as FMOD_CREATESAMPLE
[LOG] SystemI::createSoundInternal             :     Multi-sample sound (1 subsounds), create a sample container.
[LOG] SystemI::createSoundInternal             :     creating subsound 0/1
[LOG] SystemI::createSample                    :     mode 0a010202 length 4641151 samples, lengthbytes 1581536
[LOG] SystemI::createSample                    :     channels = 2
[LOG] SystemI::createSample                    :     output = 0000000031D7D5F8
[LOG] OutputSoftware::createSample             :     lengthpcm 4641151, lengthbytes 1581536, channels 2, format 2, freq 48000, mode 0a01020a
[LOG] SystemI::createSoundInternal             :     done.  OpenState now = FMOD_OPENSTATE_READY.

[LOG] AsyncThread::threadFunc                  : Finished Asynchronous operation on sound 00000000324D2FC8
[LOG] AsyncThread::threadFunc                  : Starting Asynchronous operation on sound 00000000324DD348
[LOG] SystemI::createSoundInternal             :     filename = 4thDim\Build\Desktop/Master Bank.bank : mode 0a010202
[LOG] SystemI::createSoundInternal             :     exinfo->cbsize             = 216
[LOG] SystemI::createSoundInternal             :     exinfo->length             = 12646560
[LOG] SystemI::createSoundInternal             :     exinfo->fileoffset         = 20736
[LOG] SystemI::createSoundInternal             :     exinfo->numsubsounds       = 1
[LOG] SystemI::createSoundInternal             :     exinfo->inclusionlist      = 00000000324DD5F8
[LOG] SystemI::createSoundInternal             :     exinfo->inclusionlistnum   = 1
[LOG] SystemI::createSoundInternal             :     exinfo->suggestedsoundtype = 5
[LOG] SystemI::createSoundInternal             :     exinfo->initialseekpostype = 1
[LOG] SystemI::createSoundInternal             :     Format has 1 subsounds.
[LOG] SystemI::createSoundInternal             :     Create as FMOD_CREATESAMPLE
[LOG] SystemI::createSoundInternal             :     Multi-sample sound (1 subsounds), create a sample container.
[LOG] SystemI::createSoundInternal             :     creating subsound 0/1
[LOG] SystemI::createSample                    :     mode 0a010202 length 2652085 samples, lengthbytes 1667008
[LOG] SystemI::createSample                    :     channels = 2
[LOG] SystemI::createSample                    :     output = 0000000031D7D5F8
[LOG] OutputSoftware::createSample             :     lengthpcm 2652085, lengthbytes 1667008, channels 2, format 2, freq 48000, mode 0a01020a
[LOG] SystemI::createSoundInternal             :     done.  OpenState now = FMOD_OPENSTATE_READY.

[LOG] AsyncThread::threadFunc                  : Finished Asynchronous operation on sound 00000000324DD348
[LOG] AsyncThread::threadFunc                  : Starting Asynchronous operation on sound 00000000324DF628
[LOG] SystemI::createSoundInternal             :     filename = 4thDim\Build\Desktop/Master Bank.bank : mode 0a010202
[LOG] SystemI::createSoundInternal             :     exinfo->cbsize             = 216
[LOG] SystemI::createSoundInternal             :     exinfo->length             = 12646560
[LOG] SystemI::createSoundInternal             :     exinfo->fileoffset         = 20736
[LOG] SystemI::createSoundInternal             :     exinfo->numsubsounds       = 1
[LOG] SystemI::createSoundInternal             :     exinfo->inclusionlist      = 00000000324DF8D8
[LOG] SystemI::createSoundInternal             :     exinfo->inclusionlistnum   = 1
[LOG] SystemI::createSoundInternal             :     exinfo->suggestedsoundtype = 5
[LOG] SystemI::createSoundInternal             :     exinfo->initialseekpostype = 1
[LOG] SystemI::createSoundInternal             :     Format has 1 subsounds.
[LOG] SystemI::createSoundInternal             :     Create as FMOD_CREATESAMPLE
[LOG] SystemI::createSoundInternal             :     Multi-sample sound (1 subsounds), create a sample container.
[LOG] SystemI::createSoundInternal             :     creating subsound 0/1
[LOG] SystemI::createSample                    :     mode 0a010202 length 4641151 samples, lengthbytes 2526496
[LOG] SystemI::createSample                    :     channels = 2
ing delay exceeded, sound may play at incorrect time
[LOG] SystemI::createSample                    :     output = 0000000031D7D5F8
[LOG] OutputSoftware::createSample             :     lengthpcm 4641151, lengthbytes 2526496, channels 2, format 2, freq 48000, mode 0a01020a
[LOG] SystemI::createSoundInternal             :     done.  OpenState now = FMOD_OPENSTATE_READY.

[LOG] AsyncThread::threadFunc                  : Finished Asynchronous operation on sound 00000000324DF628
[LOG] AsyncThread::threadFunc                  : Starting Asynchronous operation on sound 00000000324D3298
[LOG] SystemI::createSoundInternal             :     filename = 4thDim\Build\Desktop/Master Bank.bank : mode 0a010202
[LOG] SystemI::createSoundInternal             :     exinfo->cbsize             = 216
[LOG] SystemI::createSoundInternal             :     exinfo->length             = 12646560
[LOG] SystemI::createSoundInternal             :     exinfo->fileoffset         = 20736
[LOG] SystemI::createSoundInternal             :     exinfo->numsubsounds       = 1
[LOG] SystemI::createSoundInternal             :     exinfo->inclusionlist      = 00000000324D3548
[LOG] SystemI::createSoundInternal             :     exinfo->inclusionlistnum   = 1
[LOG] SystemI::createSoundInternal             :     exinfo->suggestedsoundtype = 5
[LOG] SystemI::createSoundInternal             :     exinfo->initialseekpostype = 1
[LOG] SystemI::createSoundInternal             :     Format has 1 subsounds.
[LOG] SystemI::createSoundInternal             :     Create as FMOD_CREATESAMPLE
[LOG] SystemI::createSoundInternal             :     Multi-sample sound (1 subsounds), create a sample container.
[LOG] SystemI::createSoundInternal             :     creating subsound 0/1
[LOG] SystemI::createSample                    :     mode 0a010202 length 4641151 samples, lengthbytes 2590400
[LOG] SystemI::createSample                    :     channels = 2
[LOG] SystemI::createSample                    :     output = 0000000031D7D5F8
[LOG] OutputSoftware::createSample             :     lengthpcm 4641151, lengthbytes 2590400, channels 2, format 2, freq 48000, mode 0a01020a
[LOG] SystemI::createSoundInternal             :     done.  OpenState now = FMOD_OPENSTATE_READY.

[LOG] AsyncThread::threadFunc                  : Finished Asynchronous operation on sound 00000000324D3298
[WRN] SoundSourceInstrumentInstance::startChannelIfReady : Loading delay exceeded, sound may play at incorrect time
[WRN] SoundSourceInstrumentInstance::startChannelIfReady : Loading delay exceeded, sound may play at incorrect time
